<?xml version="1.0" encoding="UTF-8"?>
<!-- Generated by org.testng.reporters.JUnitReportReporter -->
<testsuite skipped="0" hostname="LAPTOP-QLG12OJ4" name="com.basics.SumValidation" tests="1" failures="0" timestamp="19 Apr 2021 08:05:24 GMT" time="2.102" errors="0">
  <testcase name="sum_validation" time="2.102" classname="com.basics.SumValidation"/>
</testsuite> <!-- com.basics.SumValidation -->
