<?xml version="1.0" encoding="UTF-8"?>
<!-- Generated by org.testng.reporters.JUnitReportReporter -->
<testsuite skipped="0" hostname="LAPTOP-QLG12OJ4" name="com.files.DynamicJson" tests="3" failures="0" timestamp="26 Apr 2021 12:23:25 GMT" time="5.803" errors="0">
  <testcase name="addBook" time="0.202" classname="com.files.DynamicJson"/>
  <testcase name="addBook" time="3.971" classname="com.files.DynamicJson"/>
  <testcase name="addBook" time="1.630" classname="com.files.DynamicJson"/>
</testsuite> <!-- com.files.DynamicJson -->
